<?xml version="1.0" encoding="UTF-8"?>
<coverage generated="1591456808563" clover="3.2.0">
  <project timestamp="1591456808564" name="All files">
    <metrics statements="68" coveredstatements="68" conditionals="28" coveredconditionals="27" methods="13" coveredmethods="13" elements="109" coveredelements="108" complexity="0" loc="68" ncloc="68" packages="1" files="5" classes="5"/>
    <file name="SocketIOTracker.ts" path="/home/travis/build/jsau-/socket.io-prometheus-tracker/src/SocketIOTracker.ts">
      <metrics statements="42" coveredstatements="42" conditionals="16" coveredconditionals="16" methods="7" coveredmethods="7"/>
      <line num="1" count="2" type="stmt"/>
      <line num="6" count="2" type="stmt"/>
      <line num="7" count="2" type="stmt"/>
      <line num="8" count="2" type="stmt"/>
      <line num="9" count="2" type="stmt"/>
      <line num="15" count="2" type="stmt"/>
      <line num="37" count="2" type="stmt"/>
      <line num="54" count="31" type="stmt"/>
      <line num="56" count="58" type="cond" truecount="2" falsecount="0"/>
      <line num="62" count="31" type="stmt"/>
      <line num="63" count="31" type="stmt"/>
      <line num="65" count="31" type="cond" truecount="2" falsecount="0"/>
      <line num="67" count="31" type="stmt"/>
      <line num="69" count="31" type="cond" truecount="2" falsecount="0"/>
      <line num="70" count="1" type="stmt"/>
      <line num="75" count="31" type="stmt"/>
      <line num="84" count="31" type="stmt"/>
      <line num="85" count="31" type="stmt"/>
      <line num="87" count="31" type="stmt"/>
      <line num="88" count="28" type="stmt"/>
      <line num="92" count="28" type="stmt"/>
      <line num="93" count="28" type="stmt"/>
      <line num="95" count="28" type="stmt"/>
      <line num="96" count="16" type="stmt"/>
      <line num="97" count="16" type="stmt"/>
      <line num="98" count="16" type="stmt"/>
      <line num="101" count="28" type="stmt"/>
      <line num="113" count="28" type="stmt"/>
      <line num="114" count="4" type="cond" truecount="4" falsecount="0"/>
      <line num="115" count="2" type="stmt"/>
      <line num="118" count="2" type="stmt"/>
      <line num="120" count="2" type="stmt"/>
      <line num="122" count="2" type="cond" truecount="2" falsecount="0"/>
      <line num="123" count="1" type="stmt"/>
      <line num="126" count="2" type="stmt"/>
      <line num="131" count="2" type="stmt"/>
      <line num="146" count="219" type="stmt"/>
      <line num="147" count="74" type="cond" truecount="2" falsecount="0"/>
      <line num="148" count="55" type="stmt"/>
      <line num="151" count="19" type="stmt"/>
      <line num="152" count="19" type="stmt"/>
      <line num="154" count="2" type="stmt"/>
    </file>
    <file name="childHook.ts" path="/home/travis/build/jsau-/socket.io-prometheus-tracker/src/childHook.ts">
      <metrics statements="11" coveredstatements="11" conditionals="4" coveredconditionals="4" methods="2" coveredmethods="2"/>
      <line num="3" count="3" type="stmt"/>
      <line num="52" count="3" type="stmt"/>
      <line num="58" count="34" type="cond" truecount="2" falsecount="0"/>
      <line num="59" count="1" type="stmt"/>
      <line num="62" count="33" type="stmt"/>
      <line num="64" count="33" type="cond" truecount="2" falsecount="0"/>
      <line num="65" count="47" type="stmt"/>
      <line num="66" count="16" type="stmt"/>
      <line num="67" count="16" type="stmt"/>
      <line num="68" count="16" type="stmt"/>
      <line num="71" count="1" type="stmt"/>
    </file>
    <file name="createMetrics.ts" path="/home/travis/build/jsau-/socket.io-prometheus-tracker/src/createMetrics.ts">
      <metrics statements="3" coveredstatements="3" conditionals="0" coveredconditionals="0" methods="1" coveredmethods="1"/>
      <line num="1" count="2" type="stmt"/>
      <line num="8" count="2" type="stmt"/>
      <line num="9" count="31" type="stmt"/>
    </file>
    <file name="getByteSize.ts" path="/home/travis/build/jsau-/socket.io-prometheus-tracker/src/getByteSize.ts">
      <metrics statements="5" coveredstatements="5" conditionals="4" coveredconditionals="3" methods="1" coveredmethods="1"/>
      <line num="12" count="2" type="stmt"/>
      <line num="13" count="19" type="stmt"/>
      <line num="14" count="19" type="cond" truecount="2" falsecount="0"/>
      <line num="15" count="18" type="cond" truecount="1" falsecount="1"/>
      <line num="17" count="1" type="stmt"/>
    </file>
    <file name="hook.ts" path="/home/travis/build/jsau-/socket.io-prometheus-tracker/src/hook.ts">
      <metrics statements="7" coveredstatements="7" conditionals="4" coveredconditionals="4" methods="2" coveredmethods="2"/>
      <line num="22" count="4" type="stmt"/>
      <line num="27" count="76" type="cond" truecount="4" falsecount="0"/>
      <line num="28" count="12" type="stmt"/>
      <line num="31" count="64" type="stmt"/>
      <line num="33" count="313" type="stmt"/>
      <line num="34" count="81" type="stmt"/>
      <line num="35" count="81" type="stmt"/>
    </file>
  </project>
</coverage>
