<?xml version="1.0" encoding="UTF-8"?>
<coverage generated="1645241609151" clover="3.2.0">
  <project timestamp="1645241609151" name="All files">
    <metrics statements="81" coveredstatements="81" conditionals="17" coveredconditionals="17" methods="16" coveredmethods="16" elements="114" coveredelements="114" complexity="0" loc="81" ncloc="81" packages="1" files="5" classes="5"/>
    <file name="SocketIOPrometheusTracker.ts" path="/home/runner/work/socket.io-prometheus-tracker/socket.io-prometheus-tracker/src/SocketIOPrometheusTracker.ts">
      <metrics statements="53" coveredstatements="53" conditionals="8" coveredconditionals="8" methods="10" coveredmethods="10"/>
      <line num="1" count="3" type="stmt"/>
      <line num="4" count="3" type="stmt"/>
      <line num="5" count="3" type="stmt"/>
      <line num="6" count="3" type="stmt"/>
      <line num="7" count="3" type="stmt"/>
      <line num="40" count="3" type="stmt"/>
      <line num="58" count="3" type="stmt"/>
      <line num="83" count="37" type="stmt"/>
      <line num="85" count="70" type="cond" truecount="1" falsecount="0"/>
      <line num="91" count="37" type="stmt"/>
      <line num="92" count="37" type="stmt"/>
      <line num="94" count="37" type="cond" truecount="2" falsecount="0"/>
      <line num="96" count="37" type="stmt"/>
      <line num="98" count="37" type="cond" truecount="1" falsecount="0"/>
      <line num="99" count="1" type="stmt"/>
      <line num="104" count="37" type="stmt"/>
      <line num="113" count="37" type="stmt"/>
      <line num="114" count="37" type="stmt"/>
      <line num="115" count="37" type="stmt"/>
      <line num="116" count="37" type="stmt"/>
      <line num="117" count="37" type="stmt"/>
      <line num="119" count="37" type="stmt"/>
      <line num="121" count="37" type="stmt"/>
      <line num="124" count="3" type="stmt"/>
      <line num="127" count="37" type="stmt"/>
      <line num="130" count="3" type="stmt"/>
      <line num="133" count="37" type="stmt"/>
      <line num="134" count="38" type="stmt"/>
      <line num="138" count="38" type="stmt"/>
      <line num="139" count="38" type="stmt"/>
      <line num="141" count="38" type="stmt"/>
      <line num="142" count="29" type="stmt"/>
      <line num="143" count="29" type="stmt"/>
      <line num="144" count="29" type="stmt"/>
      <line num="147" count="38" type="stmt"/>
      <line num="151" count="38" type="stmt"/>
      <line num="155" count="38" type="stmt"/>
      <line num="156" count="2" type="stmt"/>
      <line num="157" count="2" type="stmt"/>
      <line num="158" count="2" type="stmt"/>
      <line num="161" count="38" type="stmt"/>
      <line num="173" count="38" type="stmt"/>
      <line num="174" count="6" type="stmt"/>
      <line num="176" count="6" type="cond" truecount="1" falsecount="0"/>
      <line num="177" count="1" type="stmt"/>
      <line num="180" count="6" type="stmt"/>
      <line num="185" count="6" type="stmt"/>
      <line num="200" count="139" type="stmt"/>
      <line num="201" count="51" type="cond" truecount="1" falsecount="0"/>
      <line num="202" count="27" type="stmt"/>
      <line num="205" count="24" type="stmt"/>
      <line num="206" count="24" type="stmt"/>
      <line num="208" count="3" type="stmt"/>
    </file>
    <file name="childHook.ts" path="/home/runner/work/socket.io-prometheus-tracker/socket.io-prometheus-tracker/src/childHook.ts">
      <metrics statements="11" coveredstatements="11" conditionals="3" coveredconditionals="3" methods="2" coveredmethods="2"/>
      <line num="3" count="4" type="stmt"/>
      <line num="53" count="4" type="stmt"/>
      <line num="59" count="189" type="cond" truecount="1" falsecount="0"/>
      <line num="60" count="28" type="stmt"/>
      <line num="63" count="161" type="stmt"/>
      <line num="65" count="161" type="cond" truecount="2" falsecount="0"/>
      <line num="66" count="160" type="stmt"/>
      <line num="67" count="9" type="stmt"/>
      <line num="68" count="9" type="stmt"/>
      <line num="69" count="9" type="stmt"/>
      <line num="72" count="1" type="stmt"/>
    </file>
    <file name="createMetrics.ts" path="/home/runner/work/socket.io-prometheus-tracker/socket.io-prometheus-tracker/src/createMetrics.ts">
      <metrics statements="3" coveredstatements="3" conditionals="0" coveredconditionals="0" methods="1" coveredmethods="1"/>
      <line num="1" count="3" type="stmt"/>
      <line num="9" count="3" type="stmt"/>
      <line num="10" count="37" type="stmt"/>
    </file>
    <file name="getByteSize.ts" path="/home/runner/work/socket.io-prometheus-tracker/socket.io-prometheus-tracker/src/getByteSize.ts">
      <metrics statements="7" coveredstatements="7" conditionals="3" coveredconditionals="3" methods="1" coveredmethods="1"/>
      <line num="13" count="3" type="stmt"/>
      <line num="14" count="39" type="cond" truecount="1" falsecount="0"/>
      <line num="15" count="1" type="stmt"/>
      <line num="18" count="38" type="stmt"/>
      <line num="19" count="38" type="cond" truecount="2" falsecount="0"/>
      <line num="20" count="36" type="stmt"/>
      <line num="22" count="2" type="stmt"/>
    </file>
    <file name="hook.ts" path="/home/runner/work/socket.io-prometheus-tracker/socket.io-prometheus-tracker/src/hook.ts">
      <metrics statements="7" coveredstatements="7" conditionals="3" coveredconditionals="3" methods="2" coveredmethods="2"/>
      <line num="23" count="5" type="stmt"/>
      <line num="28" count="164" type="cond" truecount="3" falsecount="0"/>
      <line num="29" count="31" type="stmt"/>
      <line num="32" count="133" type="stmt"/>
      <line num="34" count="197" type="stmt"/>
      <line num="35" count="54" type="stmt"/>
      <line num="36" count="54" type="stmt"/>
    </file>
  </project>
</coverage>
