{"/home/runner/work/socket.io-prometheus-tracker/socket.io-prometheus-tracker/src/SocketIOPrometheusTracker.ts": {"path":"/home/runner/work/socket.io-prometheus-tracker/socket.io-prometheus-tracker/src/SocketIOPrometheusTracker.ts","statementMap":{"0":{"start":{"line":1,"column":0},"end":{"line":1,"column":42}},"1":{"start":{"line":4,"column":0},"end":{"line":4,"column":48}},"2":{"start":{"line":5,"column":0},"end":{"line":5,"column":44}},"3":{"start":{"line":6,"column":0},"end":{"line":6,"column":40}},"4":{"start":{"line":7,"column":0},"end":{"line":7,"column":30}},"5":{"start":{"line":40,"column":25},"end":{"line":56,"column":2}},"6":{"start":{"line":58,"column":0},"end":{"line":58,"column":13}},"7":{"start":{"line":83,"column":2},"end":{"line":83,"column":null}},"8":{"start":{"line":85,"column":4},"end":{"line":89,"column":null}},"9":{"start":{"line":113,"column":10},"end":{"line":188,"column":4}},"10":{"start":{"line":114,"column":4},"end":{"line":114,"column":68}},"11":{"start":{"line":115,"column":4},"end":{"line":115,"column":66}},"12":{"start":{"line":116,"column":4},"end":{"line":116,"column":62}},"13":{"start":{"line":117,"column":4},"end":{"line":117,"column":62}},"14":{"start":{"line":119,"column":4},"end":{"line":119,"column":51}},"15":{"start":{"line":121,"column":4},"end":{"line":125,"column":6}},"16":{"start":{"line":124,"column":7},"end":{"line":124,"column":25}},"17":{"start":{"line":124,"column":30},"end":{"line":124,"column":null}},"18":{"start":{"line":127,"column":4},"end":{"line":131,"column":6}},"19":{"start":{"line":130,"column":7},"end":{"line":130,"column":25}},"20":{"start":{"line":130,"column":30},"end":{"line":130,"column":null}},"21":{"start":{"line":133,"column":4},"end":{"line":187,"column":7}},"22":{"start":{"line":134,"column":32},"end":{"line":135,"column":null}},"23":{"start":{"line":138,"column":6},"end":{"line":138,"column":41}},"24":{"start":{"line":139,"column":6},"end":{"line":139,"column":39}},"25":{"start":{"line":141,"column":6},"end":{"line":145,"column":9}},"26":{"start":{"line":142,"column":8},"end":{"line":142,"column":28}},"27":{"start":{"line":143,"column":8},"end":{"line":143,"column":43}},"28":{"start":{"line":144,"column":8},"end":{"line":144,"column":44}},"29":{"start":{"line":147,"column":6},"end":{"line":147,"column":51}},"30":{"start":{"line":151,"column":39},"end":{"line":151,"column":66}},"31":{"start":{"line":155,"column":6},"end":{"line":159,"column":8}},"32":{"start":{"line":156,"column":34},"end":{"line":156,"column":72}},"33":{"start":{"line":157,"column":8},"end":{"line":157,"column":null}},"34":{"start":{"line":158,"column":8},"end":{"line":158,"column":33}},"35":{"start":{"line":161,"column":6},"end":{"line":161,"column":62}},"36":{"start":{"line":173,"column":6},"end":{"line":186,"column":9}},"37":{"start":{"line":173,"column":33},"end":{"line":173,"column":40}},"38":{"start":{"line":174,"column":28},"end":{"line":174,"column":30}},"39":{"start":{"line":176,"column":8},"end":{"line":178,"column":null}},"40":{"start":{"line":177,"column":10},"end":{"line":177,"column":50}},"41":{"start":{"line":180,"column":8},"end":{"line":183,"column":10}},"42":{"start":{"line":185,"column":8},"end":{"line":185,"column":74}},"43":{"start":{"line":200,"column":10},"end":{"line":207,"column":4}},"44":{"start":{"line":200,"column":46},"end":{"line":200,"column":60}},"45":{"start":{"line":201,"column":4},"end":{"line":203,"column":null}},"46":{"start":{"line":202,"column":6},"end":{"line":202,"column":13}},"47":{"start":{"line":205,"column":4},"end":{"line":205,"column":66}},"48":{"start":{"line":206,"column":4},"end":{"line":206,"column":48}},"49":{"start":{"line":91,"column":4},"end":{"line":91,"column":35}},"50":{"start":{"line":92,"column":4},"end":{"line":92,"column":27}},"51":{"start":{"line":94,"column":34},"end":{"line":94,"column":72}},"52":{"start":{"line":96,"column":4},"end":{"line":96,"column":51}},"53":{"start":{"line":98,"column":4},"end":{"line":102,"column":null}},"54":{"start":{"line":99,"column":6},"end":{"line":101,"column":9}},"55":{"start":{"line":104,"column":4},"end":{"line":104,"column":32}},"56":{"start":{"line":208,"column":0},"end":{"line":208,"column":null}},"57":{"start":{"line":58,"column":13},"end":{"line":58,"column":38}}},"fnMap":{"0":{"name":"(anonymous_8)","decl":{"start":{"line":58,"column":0},"end":{"line":58,"column":13}},"loc":{"start":{"line":58,"column":0},"end":{"line":208,"column":null}}},"1":{"name":"SocketIOPrometheusTracker","decl":{"start":{"line":83,"column":2},"end":{"line":83,"column":null}},"loc":{"start":{"line":89,"column":5},"end":{"line":105,"column":3}}},"2":{"name":"(anonymous_10)","decl":{"start":{"line":113,"column":25},"end":{"line":113,"column":26}},"loc":{"start":{"line":113,"column":42},"end":{"line":188,"column":3}}},"3":{"name":"(anonymous_11)","decl":{"start":{"line":124,"column":6},"end":{"line":124,"column":7}},"loc":{"start":{"line":124,"column":6},"end":{"line":124,"column":34}}},"4":{"name":"(anonymous_12)","decl":{"start":{"line":130,"column":6},"end":{"line":130,"column":7}},"loc":{"start":{"line":130,"column":6},"end":{"line":130,"column":34}}},"5":{"name":"(anonymous_13)","decl":{"start":{"line":133,"column":27},"end":{"line":133,"column":28}},"loc":{"start":{"line":133,"column":42},"end":{"line":187,"column":5}}},"6":{"name":"(anonymous_14)","decl":{"start":{"line":141,"column":30},"end":{"line":141,"column":null}},"loc":{"start":{"line":141,"column":30},"end":{"line":145,"column":7}}},"7":{"name":"(anonymous_15)","decl":{"start":{"line":155,"column":36},"end":{"line":155,"column":null}},"loc":{"start":{"line":155,"column":36},"end":{"line":159,"column":7}}},"8":{"name":"(anonymous_16)","decl":{"start":{"line":173,"column":24},"end":{"line":173,"column":25}},"loc":{"start":{"line":173,"column":30},"end":{"line":186,"column":7}}},"9":{"name":"(anonymous_17)","decl":{"start":{"line":200,"column":30},"end":{"line":200,"column":31}},"loc":{"start":{"line":200,"column":44},"end":{"line":207,"column":3}}}},"branchMap":{"0":{"loc":{"start":{"line":85,"column":4},"end":{"line":89,"column":null}},"type":"if","locations":[{"start":{"line":85,"column":4},"end":{"line":89,"column":null}}]},"1":{"loc":{"start":{"line":135,"column":8},"end":{"line":135,"column":65}},"type":"cond-expr","locations":[{"start":{"line":135,"column":37},"end":{"line":135,"column":60}},{"start":{"line":135,"column":63},"end":{"line":135,"column":65}}]},"2":{"loc":{"start":{"line":176,"column":8},"end":{"line":178,"column":null}},"type":"if","locations":[{"start":{"line":176,"column":8},"end":{"line":178,"column":null}}]},"3":{"loc":{"start":{"line":201,"column":4},"end":{"line":203,"column":null}},"type":"if","locations":[{"start":{"line":201,"column":4},"end":{"line":203,"column":null}}]},"4":{"loc":{"start":{"line":94,"column":34},"end":{"line":94,"column":72}},"type":"binary-expr","locations":[{"start":{"line":94,"column":34},"end":{"line":94,"column":58}},{"start":{"line":94,"column":62},"end":{"line":94,"column":72}}]},"5":{"loc":{"start":{"line":98,"column":4},"end":{"line":102,"column":null}},"type":"if","locations":[{"start":{"line":98,"column":4},"end":{"line":102,"column":null}}]}},"s":{"0":3,"1":3,"2":3,"3":3,"4":3,"5":3,"6":3,"7":37,"8":70,"9":37,"10":37,"11":37,"12":37,"13":37,"14":37,"15":37,"16":3,"17":1,"18":37,"19":3,"20":1,"21":37,"22":38,"23":38,"24":38,"25":38,"26":29,"27":29,"28":29,"29":38,"30":38,"31":38,"32":2,"33":2,"34":2,"35":38,"36":38,"37":16,"38":6,"39":6,"40":1,"41":6,"42":6,"43":37,"44":139,"45":51,"46":27,"47":24,"48":24,"49":37,"50":37,"51":37,"52":37,"53":37,"54":1,"55":37,"56":3,"57":3},"f":{"0":3,"1":37,"2":37,"3":1,"4":1,"5":38,"6":29,"7":2,"8":6,"9":51},"b":{"0":[33],"1":[2,36],"2":[1],"3":[27],"4":[37,35],"5":[1]}}
,"/home/runner/work/socket.io-prometheus-tracker/socket.io-prometheus-tracker/src/childHook.ts": {"path":"/home/runner/work/socket.io-prometheus-tracker/socket.io-prometheus-tracker/src/childHook.ts","statementMap":{"0":{"start":{"line":3,"column":0},"end":{"line":3,"column":30}},"1":{"start":{"line":53,"column":25},"end":{"line":74,"column":1}},"2":{"start":{"line":59,"column":2},"end":{"line":61,"column":null}},"3":{"start":{"line":60,"column":4},"end":{"line":60,"column":11}},"4":{"start":{"line":63,"column":33},"end":{"line":63,"column":61}},"5":{"start":{"line":65,"column":2},"end":{"line":73,"column":null}},"6":{"start":{"line":66,"column":4},"end":{"line":70,"column":6}},"7":{"start":{"line":66,"column":44},"end":{"line":66,"column":58}},"8":{"start":{"line":67,"column":27},"end":{"line":67,"column":67}},"9":{"start":{"line":68,"column":6},"end":{"line":68,"column":54}},"10":{"start":{"line":69,"column":6},"end":{"line":69,"column":26}},"11":{"start":{"line":72,"column":4},"end":{"line":72,"column":62}},"12":{"start":{"line":53,"column":13},"end":{"line":53,"column":25}}},"fnMap":{"0":{"name":"(anonymous_0)","decl":{"start":{"line":53,"column":25},"end":{"line":53,"column":null}},"loc":{"start":{"line":57,"column":39},"end":{"line":74,"column":1}}},"1":{"name":"(anonymous_1)","decl":{"start":{"line":66,"column":35},"end":{"line":66,"column":44}},"loc":{"start":{"line":66,"column":35},"end":{"line":70,"column":5}}}},"branchMap":{"0":{"loc":{"start":{"line":59,"column":2},"end":{"line":61,"column":null}},"type":"if","locations":[{"start":{"line":59,"column":2},"end":{"line":61,"column":null}}]},"1":{"loc":{"start":{"line":65,"column":2},"end":{"line":73,"column":null}},"type":"if","locations":[{"start":{"line":65,"column":2},"end":{"line":73,"column":null}},{"start":{"line":71,"column":9},"end":{"line":73,"column":null}}]}},"s":{"0":4,"1":4,"2":189,"3":28,"4":161,"5":161,"6":160,"7":26,"8":9,"9":9,"10":9,"11":1,"12":4},"f":{"0":189,"1":9},"b":{"0":[28],"1":[160,1]}}
,"/home/runner/work/socket.io-prometheus-tracker/socket.io-prometheus-tracker/src/createMetrics.ts": {"path":"/home/runner/work/socket.io-prometheus-tracker/socket.io-prometheus-tracker/src/createMetrics.ts","statementMap":{"0":{"start":{"line":1,"column":0},"end":{"line":1,"column":56}},"1":{"start":{"line":9,"column":29},"end":{"line":49,"column":1}},"2":{"start":{"line":10,"column":2},"end":{"line":48,"column":4}},"3":{"start":{"line":9,"column":13},"end":{"line":9,"column":29}}},"fnMap":{"0":{"name":"(anonymous_0)","decl":{"start":{"line":9,"column":29},"end":{"line":9,"column":null}},"loc":{"start":{"line":9,"column":29},"end":{"line":49,"column":1}}}},"branchMap":{},"s":{"0":3,"1":3,"2":37,"3":3},"f":{"0":37},"b":{}}
,"/home/runner/work/socket.io-prometheus-tracker/socket.io-prometheus-tracker/src/getByteSize.ts": {"path":"/home/runner/work/socket.io-prometheus-tracker/socket.io-prometheus-tracker/src/getByteSize.ts","statementMap":{"0":{"start":{"line":13,"column":27},"end":{"line":24,"column":1}},"1":{"start":{"line":14,"column":2},"end":{"line":16,"column":null}},"2":{"start":{"line":15,"column":4},"end":{"line":15,"column":13}},"3":{"start":{"line":18,"column":2},"end":{"line":23,"column":null}},"4":{"start":{"line":19,"column":23},"end":{"line":19,"column":77}},"5":{"start":{"line":20,"column":4},"end":{"line":20,"column":42}},"6":{"start":{"line":22,"column":4},"end":{"line":22,"column":13}},"7":{"start":{"line":13,"column":13},"end":{"line":13,"column":27}}},"fnMap":{"0":{"name":"(anonymous_0)","decl":{"start":{"line":13,"column":27},"end":{"line":13,"column":28}},"loc":{"start":{"line":13,"column":42},"end":{"line":24,"column":1}}}},"branchMap":{"0":{"loc":{"start":{"line":14,"column":2},"end":{"line":16,"column":null}},"type":"if","locations":[{"start":{"line":14,"column":2},"end":{"line":16,"column":null}}]},"1":{"loc":{"start":{"line":19,"column":23},"end":{"line":19,"column":77}},"type":"cond-expr","locations":[{"start":{"line":19,"column":50},"end":{"line":19,"column":54}},{"start":{"line":19,"column":57},"end":{"line":19,"column":77}}]}},"s":{"0":3,"1":39,"2":1,"3":38,"4":38,"5":36,"6":2,"7":3},"f":{"0":39},"b":{"0":[1],"1":[2,36]}}
,"/home/runner/work/socket.io-prometheus-tracker/socket.io-prometheus-tracker/src/hook.ts": {"path":"/home/runner/work/socket.io-prometheus-tracker/socket.io-prometheus-tracker/src/hook.ts","statementMap":{"0":{"start":{"line":23,"column":20},"end":{"line":38,"column":1}},"1":{"start":{"line":28,"column":2},"end":{"line":30,"column":null}},"2":{"start":{"line":29,"column":4},"end":{"line":29,"column":11}},"3":{"start":{"line":32,"column":25},"end":{"line":32,"column":51}},"4":{"start":{"line":34,"column":2},"end":{"line":37,"column":4}},"5":{"start":{"line":34,"column":32},"end":{"line":34,"column":44}},"6":{"start":{"line":35,"column":4},"end":{"line":35,"column":22}},"7":{"start":{"line":36,"column":4},"end":{"line":36,"column":52}},"8":{"start":{"line":23,"column":13},"end":{"line":23,"column":20}}},"fnMap":{"0":{"name":"(anonymous_0)","decl":{"start":{"line":23,"column":20},"end":{"line":23,"column":null}},"loc":{"start":{"line":26,"column":39},"end":{"line":38,"column":1}}},"1":{"name":"(anonymous_1)","decl":{"start":{"line":34,"column":31},"end":{"line":34,"column":32}},"loc":{"start":{"line":34,"column":31},"end":{"line":37,"column":3}}}},"branchMap":{"0":{"loc":{"start":{"line":28,"column":2},"end":{"line":30,"column":null}},"type":"if","locations":[{"start":{"line":28,"column":2},"end":{"line":30,"column":null}}]},"1":{"loc":{"start":{"line":28,"column":6},"end":{"line":28,"column":50}},"type":"binary-expr","locations":[{"start":{"line":28,"column":6},"end":{"line":28,"column":19}},{"start":{"line":28,"column":23},"end":{"line":28,"column":50}}]}},"s":{"0":5,"1":164,"2":31,"3":133,"4":133,"5":197,"6":54,"7":54,"8":5},"f":{"0":164,"1":54},"b":{"0":[31],"1":[164,164]}}
}
