TN:
SF:/home/travis/build/jsau-/socket.io-prometheus-tracker/src/SocketIOTracker.ts
FN:37,(anonymous_3)
FN:54,SocketIOTracker
FN:84,(anonymous_5)
FN:87,(anonymous_6)
FN:95,(anonymous_7)
FN:113,(anonymous_8)
FN:146,(anonymous_9)
FNF:7
FNH:7
FNDA:2,(anonymous_3)
FNDA:31,SocketIOTracker
FNDA:31,(anonymous_5)
FNDA:28,(anonymous_6)
FNDA:16,(anonymous_7)
FNDA:4,(anonymous_8)
FNDA:74,(anonymous_9)
DA:1,2
DA:6,2
DA:7,2
DA:8,2
DA:9,2
DA:15,2
DA:37,2
DA:54,31
DA:56,58
DA:62,31
DA:63,31
DA:65,31
DA:67,31
DA:69,31
DA:70,1
DA:75,31
DA:84,31
DA:85,31
DA:87,31
DA:88,28
DA:92,28
DA:93,28
DA:95,28
DA:96,16
DA:97,16
DA:98,16
DA:101,28
DA:113,28
DA:114,4
DA:115,2
DA:118,2
DA:120,2
DA:122,2
DA:123,1
DA:126,2
DA:131,2
DA:146,219
DA:147,74
DA:148,55
DA:151,19
DA:152,19
DA:154,2
LF:42
LH:42
BRDA:56,0,0,27
BRDA:56,0,1,4
BRDA:89,1,0,2
BRDA:89,1,1,26
BRDA:114,2,0,2
BRDA:114,2,1,2
BRDA:114,3,0,4
BRDA:114,3,1,3
BRDA:122,4,0,1
BRDA:122,4,1,1
BRDA:147,5,0,55
BRDA:147,5,1,19
BRDA:65,6,0,31
BRDA:65,6,1,29
BRDA:69,7,0,1
BRDA:69,7,1,30
BRF:16
BRH:16
end_of_record
TN:
SF:/home/travis/build/jsau-/socket.io-prometheus-tracker/src/childHook.ts
FN:52,childHook
FN:65,(anonymous_1)
FNF:2
FNH:2
FNDA:34,childHook
FNDA:16,(anonymous_1)
DA:3,3
DA:52,3
DA:58,34
DA:59,1
DA:62,33
DA:64,33
DA:65,47
DA:66,16
DA:67,16
DA:68,16
DA:71,1
LF:11
LH:11
BRDA:58,0,0,1
BRDA:58,0,1,33
BRDA:64,1,0,32
BRDA:64,1,1,1
BRF:4
BRH:4
end_of_record
TN:
SF:/home/travis/build/jsau-/socket.io-prometheus-tracker/src/createMetrics.ts
FN:8,createMetrics
FNF:1
FNH:1
FNDA:31,createMetrics
DA:1,2
DA:8,2
DA:9,31
LF:3
LH:3
BRF:0
BRH:0
end_of_record
TN:
SF:/home/travis/build/jsau-/socket.io-prometheus-tracker/src/getByteSize.ts
FN:12,getByteSize
FNF:1
FNH:1
FNDA:19,getByteSize
DA:12,2
DA:13,19
DA:14,19
DA:15,18
DA:17,1
LF:5
LH:5
BRDA:14,0,0,2
BRDA:14,0,1,17
BRDA:15,1,0,18
BRDA:15,1,1,0
BRF:4
BRH:3
end_of_record
TN:
SF:/home/travis/build/jsau-/socket.io-prometheus-tracker/src/hook.ts
FN:22,hook
FN:33,(anonymous_1)
FNF:2
FNH:2
FNDA:76,hook
FNDA:81,(anonymous_1)
DA:22,4
DA:27,76
DA:28,12
DA:31,64
DA:33,313
DA:34,81
DA:35,81
LF:7
LH:7
BRDA:27,0,0,12
BRDA:27,0,1,64
BRDA:27,1,0,76
BRDA:27,1,1,76
BRF:4
BRH:4
end_of_record
