TN:
SF:src/SocketIOPrometheusTracker.ts
FN:58,(anonymous_8)
FN:83,SocketIOPrometheusTracker
FN:113,(anonymous_10)
FN:124,(anonymous_11)
FN:130,(anonymous_12)
FN:133,(anonymous_13)
FN:141,(anonymous_14)
FN:155,(anonymous_15)
FN:173,(anonymous_16)
FN:200,(anonymous_17)
FNF:10
FNH:10
FNDA:3,(anonymous_8)
FNDA:37,SocketIOPrometheusTracker
FNDA:37,(anonymous_10)
FNDA:1,(anonymous_11)
FNDA:1,(anonymous_12)
FNDA:38,(anonymous_13)
FNDA:29,(anonymous_14)
FNDA:2,(anonymous_15)
FNDA:6,(anonymous_16)
FNDA:51,(anonymous_17)
DA:1,3
DA:4,3
DA:5,3
DA:6,3
DA:7,3
DA:40,3
DA:58,3
DA:83,37
DA:85,70
DA:91,37
DA:92,37
DA:94,37
DA:96,37
DA:98,37
DA:99,1
DA:104,37
DA:113,37
DA:114,37
DA:115,37
DA:116,37
DA:117,37
DA:119,37
DA:121,37
DA:124,3
DA:127,37
DA:130,3
DA:133,37
DA:134,38
DA:138,38
DA:139,38
DA:141,38
DA:142,29
DA:143,29
DA:144,29
DA:147,38
DA:151,38
DA:155,38
DA:156,2
DA:157,2
DA:158,2
DA:161,38
DA:173,38
DA:174,6
DA:176,6
DA:177,1
DA:180,6
DA:185,6
DA:200,139
DA:201,51
DA:202,27
DA:205,24
DA:206,24
DA:208,3
LF:53
LH:53
BRDA:85,0,0,33
BRDA:135,1,0,2
BRDA:135,1,1,36
BRDA:176,2,0,1
BRDA:201,3,0,27
BRDA:94,4,0,37
BRDA:94,4,1,35
BRDA:98,5,0,1
BRF:8
BRH:8
end_of_record
TN:
SF:src/childHook.ts
FN:53,(anonymous_0)
FN:66,(anonymous_1)
FNF:2
FNH:2
FNDA:189,(anonymous_0)
FNDA:9,(anonymous_1)
DA:3,4
DA:53,4
DA:59,189
DA:60,28
DA:63,161
DA:65,161
DA:66,160
DA:67,9
DA:68,9
DA:69,9
DA:72,1
LF:11
LH:11
BRDA:59,0,0,28
BRDA:65,1,0,160
BRDA:65,1,1,1
BRF:3
BRH:3
end_of_record
TN:
SF:src/createMetrics.ts
FN:9,(anonymous_0)
FNF:1
FNH:1
FNDA:37,(anonymous_0)
DA:1,3
DA:9,3
DA:10,37
LF:3
LH:3
BRF:0
BRH:0
end_of_record
TN:
SF:src/getByteSize.ts
FN:13,(anonymous_0)
FNF:1
FNH:1
FNDA:39,(anonymous_0)
DA:13,3
DA:14,39
DA:15,1
DA:18,38
DA:19,38
DA:20,36
DA:22,2
LF:7
LH:7
BRDA:14,0,0,1
BRDA:19,1,0,2
BRDA:19,1,1,36
BRF:3
BRH:3
end_of_record
TN:
SF:src/hook.ts
FN:23,(anonymous_0)
FN:34,(anonymous_1)
FNF:2
FNH:2
FNDA:164,(anonymous_0)
FNDA:54,(anonymous_1)
DA:23,5
DA:28,164
DA:29,31
DA:32,133
DA:34,197
DA:35,54
DA:36,54
LF:7
LH:7
BRDA:28,0,0,31
BRDA:28,1,0,164
BRDA:28,1,1,164
BRF:3
BRH:3
end_of_record
